2025-01-14 17:01:49 [main] INFO  org.example.test.ApplicationTest - Starting ApplicationTest using Java 1.8.0_421 on DESKTOP-BJO0P3D with PID 16492 (D:\M2_Sorbonne\Projet_Moteur\Rule_Engine\target\classes started by NAHARI Imane in D:\M2_Sorbonne\Projet_Moteur\Rule_Engine)
2025-01-14 17:01:49 [main] INFO  org.example.test.ApplicationTest - No active profile set, falling back to 1 default profile: "default"
2025-01-14 17:01:52 [main] INFO  o.s.b.w.e.tomcat.TomcatWebServer - Tomcat initialized with port(s): 8080 (http)
2025-01-14 17:01:52 [main] INFO  o.a.coyote.http11.Http11NioProtocol - Initializing ProtocolHandler ["http-nio-8080"]
2025-01-14 17:01:52 [main] INFO  o.a.catalina.core.StandardService - Starting service [Tomcat]
2025-01-14 17:01:52 [main] INFO  o.a.catalina.core.StandardEngine - Starting Servlet engine: [Apache Tomcat/9.0.76]
2025-01-14 17:01:53 [main] INFO  o.a.c.c.C.[Tomcat].[localhost].[/] - Initializing Spring embedded WebApplicationContext
2025-01-14 17:01:53 [main] INFO  o.s.b.w.s.c.ServletWebServerApplicationContext - Root WebApplicationContext: initialization completed in 3367 ms
2025-01-14 17:01:54 [main] INFO  o.a.coyote.http11.Http11NioProtocol - Starting ProtocolHandler ["http-nio-8080"]
2025-01-14 17:01:54 [main] INFO  o.s.b.w.e.tomcat.TomcatWebServer - Tomcat started on port(s): 8080 (http) with context path ''
2025-01-14 17:01:54 [main] INFO  org.example.test.ApplicationTest - Started ApplicationTest in 5.476 seconds (JVM running for 7.094)
2025-01-14 17:02:40 [http-nio-8080-exec-1] INFO  o.a.c.c.C.[Tomcat].[localhost].[/] - Initializing Spring DispatcherServlet 'dispatcherServlet'
2025-01-14 17:02:40 [http-nio-8080-exec-1] INFO  o.s.web.servlet.DispatcherServlet - Initializing Servlet 'dispatcherServlet'
2025-01-14 17:02:40 [http-nio-8080-exec-1] INFO  o.s.web.servlet.DispatcherServlet - Completed initialization in 0 ms
2025-01-14 17:19:53 [main] INFO  org.example.test.ApplicationTest - Starting ApplicationTest using Java 1.8.0_421 on DESKTOP-BJO0P3D with PID 15512 (D:\M2_Sorbonne\Projet_Moteur\Rule_Engine\target\classes started by NAHARI Imane in D:\M2_Sorbonne\Projet_Moteur\Rule_Engine)
2025-01-14 17:19:53 [main] INFO  org.example.test.ApplicationTest - No active profile set, falling back to 1 default profile: "default"
2025-01-14 17:19:56 [main] INFO  o.s.b.w.e.tomcat.TomcatWebServer - Tomcat initialized with port(s): 8080 (http)
2025-01-14 17:19:56 [main] INFO  o.a.coyote.http11.Http11NioProtocol - Initializing ProtocolHandler ["http-nio-8080"]
2025-01-14 17:19:56 [main] INFO  o.a.catalina.core.StandardService - Starting service [Tomcat]
2025-01-14 17:19:56 [main] INFO  o.a.catalina.core.StandardEngine - Starting Servlet engine: [Apache Tomcat/9.0.76]
2025-01-14 17:19:56 [main] INFO  o.a.c.c.C.[Tomcat].[localhost].[/] - Initializing Spring embedded WebApplicationContext
2025-01-14 17:19:56 [main] INFO  o.s.b.w.s.c.ServletWebServerApplicationContext - Root WebApplicationContext: initialization completed in 3514 ms
2025-01-14 17:19:57 [main] INFO  o.a.coyote.http11.Http11NioProtocol - Starting ProtocolHandler ["http-nio-8080"]
2025-01-14 17:19:57 [main] INFO  o.s.b.w.e.tomcat.TomcatWebServer - Tomcat started on port(s): 8080 (http) with context path ''
2025-01-14 17:19:57 [main] INFO  org.example.test.ApplicationTest - Started ApplicationTest in 5.581 seconds (JVM running for 7.192)
2025-01-14 17:23:03 [http-nio-8080-exec-1] INFO  o.a.c.c.C.[Tomcat].[localhost].[/] - Initializing Spring DispatcherServlet 'dispatcherServlet'
2025-01-14 17:23:03 [http-nio-8080-exec-1] INFO  o.s.web.servlet.DispatcherServlet - Initializing Servlet 'dispatcherServlet'
2025-01-14 17:23:03 [http-nio-8080-exec-1] INFO  o.s.web.servlet.DispatcherServlet - Completed initialization in 8 ms
2025-01-14 17:23:03 [http-nio-8080-exec-1] INFO  org.example.service.RuleManager - Démarrage de la validation de la structure du fichier Excel.
2025-01-14 17:23:04 [http-nio-8080-exec-1] INFO  org.example.service.RuleManager - Nombre de feuilles dans le fichier Excel : 1
2025-01-14 17:23:04 [http-nio-8080-exec-1] ERROR org.example.service.RuleManager - Colonne invalide à l'index D: attendu 'MESSAGE_XXX'.
2025-01-14 17:23:50 [http-nio-8080-exec-4] INFO  org.example.service.RuleManager - Démarrage de la validation de la structure du fichier Excel.
2025-01-14 17:23:51 [http-nio-8080-exec-4] INFO  org.example.service.RuleManager - Nombre de feuilles dans le fichier Excel : 1
2025-01-14 17:23:51 [http-nio-8080-exec-4] INFO  org.example.service.RuleManager - Validation de la structure du fichier Excel terminée avec succès.
2025-01-14 17:24:16 [http-nio-8080-exec-5] INFO  org.example.service.RuleManager - Démarrage de la validation de la structure des données.
2025-01-14 17:24:16 [http-nio-8080-exec-5] INFO  org.example.service.RuleManager - Validation de la structure des données terminée avec succès.
2025-01-14 17:24:17 [http-nio-8080-exec-5] ERROR org.example.service.RuleManager - Aucun workflow identifié pour les données fournies.
2025-01-14 17:24:17 [http-nio-8080-exec-5] ERROR org.example.service.RuleManager - Erreur de validation : Aucun workflow identifié pour les données fournies.
org.example.exception.RuleValidationException: Aucun workflow identifié pour les données fournies.
	at org.example.service.RuleManager.validateData(RuleManager.java:338)
	at org.example.service.RuleManager.validate(RuleManager.java:299)
	at org.example.service.ValidatorImpl.validate(ValidatorImpl.java:33)
	at org.example.controller.API.testValidate(API.java:62)
	at sun.reflect.NativeMethodAccessorImpl.invoke0(Native Method)
	at sun.reflect.NativeMethodAccessorImpl.invoke(NativeMethodAccessorImpl.java:62)
	at sun.reflect.DelegatingMethodAccessorImpl.invoke(DelegatingMethodAccessorImpl.java:43)
	at java.lang.reflect.Method.invoke(Method.java:498)
	at org.springframework.web.method.support.InvocableHandlerMethod.doInvoke(InvocableHandlerMethod.java:205)
	at org.springframework.web.method.support.InvocableHandlerMethod.invokeForRequest(InvocableHandlerMethod.java:150)
	at org.springframework.web.servlet.mvc.method.annotation.ServletInvocableHandlerMethod.invokeAndHandle(ServletInvocableHandlerMethod.java:117)
	at org.springframework.web.servlet.mvc.method.annotation.RequestMappingHandlerAdapter.invokeHandlerMethod(RequestMappingHandlerAdapter.java:895)
	at org.springframework.web.servlet.mvc.method.annotation.RequestMappingHandlerAdapter.handleInternal(RequestMappingHandlerAdapter.java:808)
	at org.springframework.web.servlet.mvc.method.AbstractHandlerMethodAdapter.handle(AbstractHandlerMethodAdapter.java:87)
	at org.springframework.web.servlet.DispatcherServlet.doDispatch(DispatcherServlet.java:1072)
	at org.springframework.web.servlet.DispatcherServlet.doService(DispatcherServlet.java:965)
	at org.springframework.web.servlet.FrameworkServlet.processRequest(FrameworkServlet.java:1006)
	at org.springframework.web.servlet.FrameworkServlet.doPost(FrameworkServlet.java:909)
	at javax.servlet.http.HttpServlet.service(HttpServlet.java:555)
	at org.springframework.web.servlet.FrameworkServlet.service(FrameworkServlet.java:883)
	at javax.servlet.http.HttpServlet.service(HttpServlet.java:623)
	at org.apache.catalina.core.ApplicationFilterChain.internalDoFilter(ApplicationFilterChain.java:209)
	at org.apache.catalina.core.ApplicationFilterChain.doFilter(ApplicationFilterChain.java:153)
	at org.apache.tomcat.websocket.server.WsFilter.doFilter(WsFilter.java:51)
	at org.apache.catalina.core.ApplicationFilterChain.internalDoFilter(ApplicationFilterChain.java:178)
	at org.apache.catalina.core.ApplicationFilterChain.doFilter(ApplicationFilterChain.java:153)
	at org.springframework.web.filter.RequestContextFilter.doFilterInternal(RequestContextFilter.java:100)
	at org.springframework.web.filter.OncePerRequestFilter.doFilter(OncePerRequestFilter.java:117)
	at org.apache.catalina.core.ApplicationFilterChain.internalDoFilter(ApplicationFilterChain.java:178)
	at org.apache.catalina.core.ApplicationFilterChain.doFilter(ApplicationFilterChain.java:153)
	at org.springframework.web.filter.FormContentFilter.doFilterInternal(FormContentFilter.java:93)
	at org.springframework.web.filter.OncePerRequestFilter.doFilter(OncePerRequestFilter.java:117)
	at org.apache.catalina.core.ApplicationFilterChain.internalDoFilter(ApplicationFilterChain.java:178)
	at org.apache.catalina.core.ApplicationFilterChain.doFilter(ApplicationFilterChain.java:153)
	at org.springframework.web.filter.CharacterEncodingFilter.doFilterInternal(CharacterEncodingFilter.java:201)
	at org.springframework.web.filter.OncePerRequestFilter.doFilter(OncePerRequestFilter.java:117)
	at org.apache.catalina.core.ApplicationFilterChain.internalDoFilter(ApplicationFilterChain.java:178)
	at org.apache.catalina.core.ApplicationFilterChain.doFilter(ApplicationFilterChain.java:153)
	at org.apache.catalina.core.StandardWrapperValve.invoke(StandardWrapperValve.java:167)
	at org.apache.catalina.core.StandardContextValve.invoke(StandardContextValve.java:90)
	at org.apache.catalina.authenticator.AuthenticatorBase.invoke(AuthenticatorBase.java:481)
	at org.apache.catalina.core.StandardHostValve.invoke(StandardHostValve.java:130)
	at org.apache.catalina.valves.ErrorReportValve.invoke(ErrorReportValve.java:93)
	at org.apache.catalina.core.StandardEngineValve.invoke(StandardEngineValve.java:74)
	at org.apache.catalina.connector.CoyoteAdapter.service(CoyoteAdapter.java:343)
	at org.apache.coyote.http11.Http11Processor.service(Http11Processor.java:390)
	at org.apache.coyote.AbstractProcessorLight.process(AbstractProcessorLight.java:63)
	at org.apache.coyote.AbstractProtocol$ConnectionHandler.process(AbstractProtocol.java:926)
	at org.apache.tomcat.util.net.NioEndpoint$SocketProcessor.doRun(NioEndpoint.java:1791)
	at org.apache.tomcat.util.net.SocketProcessorBase.run(SocketProcessorBase.java:52)
	at org.apache.tomcat.util.threads.ThreadPoolExecutor.runWorker(ThreadPoolExecutor.java:1191)
	at org.apache.tomcat.util.threads.ThreadPoolExecutor$Worker.run(ThreadPoolExecutor.java:659)
	at org.apache.tomcat.util.threads.TaskThread$WrappingRunnable.run(TaskThread.java:61)
	at java.lang.Thread.run(Thread.java:750)
2025-01-14 17:24:37 [http-nio-8080-exec-6] INFO  org.example.service.RuleManager - Démarrage de la validation de la structure des données.
2025-01-14 17:25:48 [http-nio-8080-exec-8] INFO  org.example.service.RuleManager - Démarrage de la validation de la structure des données.
